commit 3b551384650fd180a32ca5f0a2e97f26920f23c5
Author: Nicholas Carter <nick356@cs.utexas.edu>
Date:   Thu Sep 11 19:53:53 2014 -0500

    Removed Doxyfile~ from the git tree

commit d6c5e676e360d8b9ea5911fc38f1c36ad90f7a4d
Author: Nicholas Carter <nick356@cs.utexas.edu>
Date:   Thu Sep 11 19:52:06 2014 -0500

    This should be the second to last push all of these files should be what is needed to turn in

commit 1488cfbff5d8516456e6d2c477b186979ff38bbc
Author: nick356 <nac568@utexas.edu>
Date:   Thu Sep 11 19:02:58 2014 -0500

    Delete RunCollatz.in~
    
    Junk File

commit 62ffa773f8d664c91436bd20fc6a776eeab80413
Author: nick356 <nac568@utexas.edu>
Date:   Thu Sep 11 19:02:41 2014 -0500

    Delete TestCollatz.out~
    
    Junk File

commit f9e59148385e902cdbe1d9a9d759544c85959465
Author: Nicholas Carter <nick356@cs.utexas.edu>
Date:   Thu Sep 11 18:50:57 2014 -0500

    Most of the stuff is finished just going through the final steps

commit 2a135e7a3192db12a91dd9019b63d5f86afd8ab3
Author: Nicholas Carter <nick356@cs.utexas.edu>
Date:   Thu Sep 11 13:28:30 2014 -0500

    Added a lazy cache

commit 8312265673418c69dfddd6d51e820162aa066280
Author: Nicholas Carter <nick356@cs.utexas.edu>
Date:   Tue Sep 9 15:38:53 2014 -0500

    UVA accepts my program

commit c82970f85ca6c86b685d6fcc1081fd5e16ec05ff
Author: Nicholas Carter <nick356@cs.utexas.edu>
Date:   Tue Sep 9 13:03:46 2014 -0500

    Now all the unit tests pass

commit 1f7d8dcc709604ec061c54072e6009aec271e936
Author: Nicholas Carter <nick356@cs.utexas.edu>
Date:   Tue Sep 9 13:02:20 2014 -0500

    The unit tests given by UVA are properly passing

commit 9f6214538a81b6709660781a5f8fe00abd61652f
Author: nick356 <nac568@utexas.edu>
Date:   Tue Sep 9 12:45:48 2014 -0500

    Delete .nfs000000000295242a0000030c
    
    ...

commit f44c0eeff5ed408fa54120a9485a8d5376732260
Author: nick356 <nac568@utexas.edu>
Date:   Tue Sep 9 12:45:41 2014 -0500

    Delete .nfs00000000015f130100000323
    
    ...

commit 3664f934e0f66a24c3e308f4e07c2ae799eddf7d
Author: Nicholas Carter <nick356@cs.utexas.edu>
Date:   Tue Sep 9 12:45:22 2014 -0500

    Should have fixed the junk files

commit b713dbfeac434350d31cdc96cb2da15c7ff0cc0a
Author: Nicholas Carter <nick356@cs.utexas.edu>
Date:   Tue Sep 9 12:42:00 2014 -0500

    Added a few more unit tests. Specifically read and print

commit cf6c34ef594d358135ee185c37e6fd31357baf89
Author: nick356 <nac568@utexas.edu>
Date:   Tue Sep 9 12:36:28 2014 -0500

    Update .gitignore

commit 7fb6f15c6396f0e5e1ae816acf2634f8ee10772c
Author: nick356 <nac568@utexas.edu>
Date:   Tue Sep 9 12:36:03 2014 -0500

    Delete .nfs000000000295242a0000030c
    
    ...

commit 2ebf6ced8ab330e3c414d3b1e5157feea3a92713
Author: nick356 <nac568@utexas.edu>
Date:   Tue Sep 9 12:35:57 2014 -0500

    Delete .nfs00000000015f130100000323
    
    ....

commit f6bd9871a815b8643a32e736bac2d9b9384a1848
Author: nick356 <nac568@utexas.edu>
Date:   Tue Sep 9 12:35:46 2014 -0500

    Delete .gitignore~.orig
    
    This feels pointless

commit 11731fa8761c704a13cbf7e623645f2838afa4ec
Author: nick356 <nac568@utexas.edu>
Date:   Tue Sep 9 12:35:28 2014 -0500

    Delete .gitignore~
    
    Why do you keep popping up!!!!

commit de39a5104bcdefaf76c1c7fad15163f402e0c8bb
Merge: 77a1c13 c9dcdde
Author: Nicholas Carter <nick356@cs.utexas.edu>
Date:   Tue Sep 9 12:34:51 2014 -0500

    Merged files

commit 77a1c13f6e59d145ebf43e1d879445901765e205
Author: Nicholas Carter <nick356@cs.utexas.edu>
Date:   Tue Sep 9 12:33:59 2014 -0500

    Trying to clean the directory

commit c9dcdded5ab5fe4c34bdf8ed4d1e4b652b7a95d3
Author: nick356 <nac568@utexas.edu>
Date:   Tue Sep 9 12:33:21 2014 -0500

    Delete .gitignore~
    
    Trash

commit 8438f8455d414c0bbf286d1de86c309eacec3253
Author: nick356 <nac568@utexas.edu>
Date:   Tue Sep 9 12:33:07 2014 -0500

    Delete .nfs000000000295242a0000030c
    
    I don't know what it is but I don't like it.

commit 0c9eb9b4a59ce0aca607df8b1832e7ff5372945f
Author: nick356 <nac568@utexas.edu>
Date:   Tue Sep 9 12:32:54 2014 -0500

    Delete .nfs00000000015f130100000323
    
    I don't know what this is but I don't like it.

commit 151d627fc68366e62721f301c27502ea1451cd4f
Author: nick356 <nac568@utexas.edu>
Date:   Tue Sep 9 12:32:37 2014 -0500

    Delete TestCollatz.c++~
    
    This shouldn't be here.

commit c4bfe0b7947447ad52e9a5003715d6fb62cf58c6
Author: Nicholas Carter <nick356@cs.utexas.edu>
Date:   Tue Sep 9 12:31:39 2014 -0500

    Junk is still popping up

commit 83af61e8dd9a74684fb8db2767b5a44203e98ddd
Author: Nicholas Carter <nick356@cs.utexas.edu>
Date:   Tue Sep 9 12:29:22 2014 -0500

    Junk still added

commit c6466d215cfd445d992892bc20a51d4ecd93134e
Author: Nicholas Carter <nick356@cs.utexas.edu>
Date:   Tue Sep 9 12:27:18 2014 -0500

    Changed the unit tests so that they would fail

commit f67652f92bbda8a94d4288181ac1c29896a477de
Author: Nicholas Carter <nick356@cs.utexas.edu>
Date:   Tue Sep 9 12:13:36 2014 -0500

    Removed junk

commit f7aae1646b75a01bbab6db0a556fea509edcff30
Author: Nicholas Carter <nick356@cs.utexas.edu>
Date:   Tue Sep 9 12:11:48 2014 -0500

    Testing ignore

commit ee9bca1d6e8ba429c1842cf18a7825de4de192a1
Author: Nicholas Carter <nick356@cs.utexas.edu>
Date:   Tue Sep 9 12:01:27 2014 -0500

    Pushing all of the base files

commit 9a5fe9923825078c429f5fdd2fa53ea6b1ba5388
Author: nick356 <nac568@utexas.edu>
Date:   Tue Sep 9 11:29:13 2014 -0500

    Initial commit
