57531 88198 351
25786 89434 351
111448 80015 354
29418 66943 340
19209 47970 324
11361 8937 268
19362 3216 279
71429 13434 340
73301 102542 351
1331 27761 308
83864 42769 351
25349 50419 324
64356 6217 340
32365 100264 351
5548 99463 351
17515 15570 266
74280 109173 354
57495 24838 340
75806 86913 351
44272 95014 351
87374 55632 351
56442 106735 354
11339 80363 351
72661 84639 351
22015 73991 340
64892 105878 351
69252 90240 351
42916 20226 324
48948 27772 324
7108 6987 195
13853 24622 282
22557 88132 351
86287 32543 351
65461 48711 340
71947 109732 354
96217 111813 354
4474 39277 324
105166 15813 351
72131 16937 340
52943 94146 351
43420 70326 340
86642 112671 354
47184 82049 351
85388 96132 333
109820 92495 354
103118 10292 351
69608 78166 351
50915 42513 314
63201 2995 340
43716 21766 324
65218 92424 351
20197 69692 340
84192 77855 338
37996 42942 306
47283 43430 314
23706 43194 324
375 62839 340
108356 50 354
31507 80362 351
48673 27945 324
11967 104283 351
104109 81575 341
69067 41643 340
76579 84759 351
110510 72786 354
59017 14838 340
51828 31705 324
37021 22639 324
62051 75016 330
18072 109334 354
70938 41777 340
105019 71312 351
57107 99994 351
71361 88613 351
66974 6653 340
69050 78941 351
63427 12269 340
113007 84985 354
6403 28696 308
56363 3531 340
101482 1998 351
84242 105801 341
33702 7881 308
15058 48245 324
82897 99002 333
44197 106326 354
93270 35834 351
64256 36996 340
88319 88108 302
12227 41912 324
47252 33768 324
73344 110678 354
46037 25461 324
82282 52439 351
54156 25263 340
8462 42256 324
93133 92703 315
100549 79326 341
100583 2225 351
14189 22590 279
101227 10877 351
15534 81115 351
112584 32281 354
70602 87521 351
7008 35321 311
81924 6751 351
69088 107759 354
4048 67616 340
19838 38821 324
72547 73994 294
16575 81008 351
68741 109707 354
12821 55908 340
28143 65895 340
10625 108205 354
88485 64343 351
71573 56510 335
97949 23267 351
41283 55170 340
110788 782 354
90490 31822 351
7532 112069 354
26200 77452 351
66304 111910 354
2891 25469 282
72522 19465 340
58968 93755 351
81663 71788 351
36281 62298 340
24301 112778 354
57121 65277 335
63739 81185 351
74279 799 340
104452 2180 351
55968 54350 260
68834 98949 351
86171 76365 351
97636 64862 351
40436 3050 324
63391 109199 354
28518 88404 351
15283 39977 324
68777 49437 340
111764 105058 354
111734 88557 354
56946 7965 340
106325 7304 354
89150 67222 351
8102 32712 308
21893 16561 279
87061 90726 333
2128 59850 340
6202 52255 324
77204 112510 354
55305 27213 340
108327 36314 354
2235 76101 340
28783 71012 340
12157 93038 351
15180 76382 340
68213 72125 325
36839 13649 324
31920 78480 351
33362 105894 351
111191 55255 354
9073 84870 351
98472 77073 338
97211 57165 351
81820 61033 351
56293 89616 351
40737 3731 324
78421 42972 351
79831 107203 354
66475 44479 340
86860 81654 320
7480 107564 354
106270 44318 354
7831 90682 351
9416 41193 324
83194 73098 351
48939 44759 314
44586 99902 351
74323 94288 351
43686 42761 257
41940 52470 314
18995 35168 311
56200 49908 340
78139 22650 351
43729 97105 351
67128 17207 340
17869 27099 308
11390 10758 268
23908 85093 351
101439 99196 341
78777 23743 351
58912 14334 340
68501 55989 335
66728 95316 351
36896 110413 354
24695 31327 308
1993 109563 354
66494 58193 335
46089 97125 351
33334 89817 351
80848 52953 351
59516 98717 351
80052 23397 351
61966 103959 351
60981 2515 340
89774 26377 351
26257 101177 351
40710 47250 314
43785 107437 354
29184 80680 351
56960 6370 340
64498 58953 335
2551 17610 276
69637 1131 340
67226 102970 351
43440 34693 324
42541 102955 351
85901 75084 351
78843 34485 351
18154 26442 282
36999 60419 340
52818 15747 340
48214 46020 314
62996 91998 351
105948 92179 341
11788 49527 324
98549 76285 351
60971 53591 322
46387 83099 351
54722 231 340
72687 98161 351
100796 67719 351
40226 73315 340
29422 5687 308
60291 67 340
98001 97289 297
60485 37438 340
113036 108698 323
35949 15142 324
39807 28515 324
107321 51594 354
30533 44980 324
80371 91503 333
98570 79249 333
61220 105783 351
31971 86398 351
119594 125970 336
123158 133235 344
130171 121244 344
119854 129642 336
130493 126703 344
127599 118625 336
126080 119992 336
126923 128604 331
119202 116400 336
125367 122591 331
115698 128761 336
114315 131744 349
116628 117039 274
128279 129712 331
120869 129470 336
114356 117007 349
131984 114058 349
115865 127778 336
121919 133258 344
133964 128956 344
115510 127185 349
124125 118134 336
123722 127593 331
133355 119468 344
130610 114272 349
118603 122852 336
119577 130457 344
120218 133744 344
134113 125041 344
119005 131526 344
131056 119979 344
125078 128662 331
120654 127560 336
132984 119118 344
116367 132570 344
124618 129417 331
115305 114366 305
134168 115571 344
128576 133146 344
121656 114735 349
123962 126876 331
124205 130156 344
122955 120967 336
119449 133612 344
122553 125072 331
130761 119231 344
131668 121461 344
124437 128866 331
125565 123044 331
113606 118476 349
132158 124842 344
113515 124007 349
115752 134301 344
126195 120872 336
122996 124395 331
122224 133575 344
127815 122973 331
119280 127314 336
120485 115273 349
126549 129655 331
126962 133854 344
125430 114179 349
131859 115489 349
119590 133968 344
115077 119813 349
118066 133853 344
121199 118199 318
113409 113495 230
129044 126222 331
120984 117662 336
127161 119753 336
127781 120599 336
129343 123605 331
113535 126372 349
125495 116628 336
121649 129002 336
116104 133696 344
119725 124507 336
125730 125932 256
124097 127424 331
122290 118708 336
126899 120033 336
113451 116853 349
120146 129112 336
129692 117674 336
123318 133397 344
124044 127643 331
119618 129932 336
127792 119771 336
121926 129831 336
133938 120120 344
124455 115665 336
130360 130798 331
116716 121712 336
133274 127431 344
114759 121186 349
132756 118202 344
127837 122751 331
121672 113605 349
117485 127908 336
117896 117347 305
126928 118485 336
131607 123090 344
114039 114948 305
119405 133504 344
131396 118966 344
119246 132396 344
121248 115229 349
118743 124581 336
113485 117639 349
128556 125783 331
125443 116861 336
130603 118902 344
126229 128819 331
130046 120258 344
133272 124486 344
124222 115749 336
129588 132373 344
125456 120171 336
133938 131479 331
119298 130957 344
116067 115088 349
128975 113859 349
127856 134335 344
114984 127959 349
128518 130158 344
119364 119583 305
123563 126511 318
115029 115415 305
131875 121619 344
133212 130769 331
132723 123057 344
133135 117860 344
121052 124213 336
114576 131535 349
132236 131413 331
118041 113925 349
133118 133633 313
114401 126597 349
123517 126925 331
131100 117657 344
122705 127008 331
113785 122812 349
119142 115431 349
114771 116639 349
123668 113606 349
123952 132935 344
123280 133631 344
127339 120876 336
123466 128532 331
128955 121325 336
125567 133613 344
132789 114235 349
132868 123735 344
127449 132929 344
116282 124171 336
116209 115531 349
116801 116611 243
124960 133482 344
129581 126349 331
126665 129793 331
126572 127161 331
118277 126396 336
126414 132234 344
123816 115503 349
116315 118394 336
134367 118427 344
117629 132778 344
119279 127042 336
133057 123272 344
125593 114961 349
123987 118346 336
117109 117332 274
132496 128687 344
127359 127700 256
131580 119646 344
123115 123774 331
133425 128010 344
126714 115388 349
115793 116152 305
117508 129647 336
121163 128419 336
113696 125410 349
116747 130514 344
118074 115426 349
119408 120211 305
117005 119939 336
125175 131653 344
123889 123293 331
125962 116870 336
116615 123164 336
134055 116275 344
123482 123029 331
120829 115818 336
125035 134161 344
118588 119087 318
129430 116295 336
124051 129744 331
128322 127415 331
115807 122940 336
119385 132755 344
129769 133929 344
118316 131488 344
131205 118749 344
120403 122789 336
133158 113563 349
122498 132836 344
127377 122524 331
132409 113828 349
124960 133988 344
113611 120092 349
118698 129658 336
123004 119293 336
114951 127871 349
133325 117376 344
127355 129254 331
115753 133668 344
128806 131608 344
130778 125633 344
115980 127726 336
124966 114760 349
127906 124008 331
124140 120905 336
133150 133094 207
132272 113659 349
132704 122427 344
120368 127946 336
117707 119916 336
133856 130198 331
124331 122730 331
124118 117309 336
117607 116415 305
116599 133030 344
113645 123922 349
124285 127164 331
117270 125795 336
118469 131793 344
115426 129226 349
129242 114198 349
117869 117063 305
114474 116196 349
126107 132381 344
120686 130431 344
128841 120165 336
116178 118795 336
129512 126913 331
133643 123663 344
129945 126786 331
122315 120135 336
116330 123144 336
35234 94567 351
1698 98682 351
46553 76250 340
112458 63309 354
82063 44171 351
85407 83384 320
100392 39021 351
4151 46895 324
46877 96628 351
51934 58869 340
98267 50427 351
101784 43203 351
97261 32041 351
75157 4113 340
19114 80083 351
74642 6840 340
13761 28831 308
105521 60313 351
105080 104597 341
76114 73761 325
101260 48139 351
109636 88270 354
87160 405 351
21783 86528 351
49524 26208 324
32015 34410 311
29127 86290 351
30104 13006 308
4950 105260 351
82991 89936 333
24454 44251 324
96775 38214 351
73081 41407 340
51018 64779 340
98495 13750 351
91031 86373 333
14381 87285 351
61262 54032 335
40181 35536 324
27178 89705 351
61744 11684 340
76606 90870 351
97974 59201 351
56367 55415 322
51080 25976 324
31969 28025 285
70227 81236 351
66238 95799 351
9261 69747 340
47197 107755 354
35989 90719 351
33239 50369 324
17115 94500 351
56892 9787 340
82527 84069 320
51983 96762 351
95752 81080 333
26742 80344 351
26900 83108 351
88250 77979 338
61576 6838 340
106003 18421 351
40565 11351 324
66711 49825 340
33589 66399 340
110071 69577 354
43737 29928 324
72437 60851 335
76919 15947 340
23129 111938 354
52507 75112 340
95318 34878 351
42810 74552 340
67713 69709 312
110151 42582 354
100179 58345 351
1911 92800 351
29257 42475 324
56642 95968 351
44791 90231 351
48985 107353 354
112299 45213 354
23900 23847 251
58555 53310 322
105666 81684 341
51866 44792 314
43414 99676 351
32161 38715 324
60846 99873 351
108424 10107 354
94946 95221 328
68452 96856 351
27132 50200 324
91822 83773 333
98659 89104 333
60622 34263 340
83076 12032 351
31967 59467 340
35878 90522 351
112776 28162 354
58824 51261 340
72953 54729 335
37555 105113 351
93443 50892 351
44097 40977 288
60998 25661 340
22817 81941 351
75009 2440 340
18760 5941 279
86212 69910 351
95045 99326 328
104172 17231 351
111357 88631 354
76697 99726 351
65771 28583 340
14506 77086 351
79843 39951 351
84306 69889 351
97555 64367 351
7399 94143 351
57836 20889 340
72296 33144 340
102829 33923 351
35583 74080 340
39863 8413 324
30609 87399 351
60230 87272 351
57121 10697 340
62521 20436 340
110422 80783 354
49019 77420 351
44487 81353 351
3989 15411 276
37861 54035 340
32270 111132 354
100670 42597 351
18639 59584 340
75740 73960 325
93506 111322 354
34658 85860 351
72226 17758 340
12370 19075 279
57522 69490 335
29771 6661 308
42418 26812 324
39936 43928 288
56723 36914 340
11899 13203 263
4817 2251 238
67237 37086 340
2 54525 340
32174 18640 308
727 107913 354
92599 46724 351
105853 79749 341
85076 17189 351
97506 97445 178
36263 41646 306
53553 18526 340
799 48462 324
111210 40734 354
92389 54551 351
30139 104288 351
67753 34955 340
59030 87481 351
24532 59031 340
94498 56705 351
77671 95224 338
51236 9380 324
94440 109580 354
89128 66134 351
13388 25745 282
50197 2142 324
19882 56241 340
20667 86553 351
104703 84368 341
79778 36202 351
25537 109917 354
27108 45781 324
31490 38630 324
19881 56022 340
97660 997 351
112726 14441 354
48712 3073 324
23821 95643 351
112652 65440 354
48395 78531 351
43676 51083 314
80673 63558 351
107324 53831 354
36729 51137 314
24818 3126 282
87338 2846 351
113042 66938 354
1119 31150 308
105567 20999 351
39663 89845 351
87868 39008 351
56778 89071 351
42080 80598 351
71333 107223 354
98529 6346 351
24865 28824 308
57429 105537 351
92381 3863 351
111859 81601 354
54999 89168 351
84726 94828 333
44506 36878 306
48384 45624 314
20520 40569 324
19114 60182 340
82906 106981 354
99189 26302 351
82670 93760 333
59391 40621 340
40094 44538 288
46967 64958 340
25853 56887 340
9605 70725 340
60749 8082 340
38945 68239 340
49742 76162 340
49685 94247 351
65532 50561 340
92362 86051 333
91129 111475 354
32851 13145 308
105074 84532 341
105319 26854 351
17402 3820 276
19967 57495 340
850 19425 279
9071 26702 308
76311 18675 340
97427 89551 333
92630 88863 333
44408 94863 351
51643 46584 314
28220 3793 308
97144 7200 351
42335 27384 324
5293 75186 340
106401 62858 354
112209 98339 354
42203 16229 324
102158 62169 351
73724 103007 351
81593 35286 351
82201 110395 354
53961 66246 335
86564 99082 333
41727 83463 351
80563 45861 351
16666 108782 354
2146 428 182
2600 44480 324
93684 73765 351
72157 86704 351
89114 70984 351
71661 83808 351
39705 12929 324
32596 47 308
68428 66680 312
35332 37247 324
63694 41784 340
55984 36876 340
27484 50202 324
72831 108046 354
96062 89496 333
55938 50699 340
42415 11029 324
47671 88591 351
84793 6446 351
61913 13017 340
29922 86065 351
96825 69626 351
98993 81912 333
69672 6531 340
101083 57495 351
43777 51395 314
51771 52252 278
40763 79254 351
102453 212 351
26411 37626 324
42199 34840 324
88324 37105 351
45869 22613 324
12314 17280 276
94932 74226 351
96170 11472 351
112782 32105 354
33589 50886 324
66508 55752 335
57416 54209 322
113246 53685 354
105604 51635 351
105936 98858 341
83381 95008 333
51561 62283 340
19252 93759 351
97122 60067 351
83355 29609 351
82680 95669 333
112762 16722 354
9005 48042 324
94066 8406 351
80146 14273 351
59291 33272 340
70024 69198 299
39972 22380 324
9501 98067 351
74015 2056 340
83543 109887 354
97063 21722 351
11280 2933 268
67972 108401 354
62999 103819 351
90502 98170 333
38598 42374 306
67383 47602 340
90415 48067 351
8499 57179 340
62339 20281 340
42942 18981 324
89479 35405 351
41361 98979 351
20091 67867 340
101034 103633 310
16864 37207 324
77847 28143 351
106012 98310 341
89035 8122 351
41239 66155 340
106291 79836 354
108528 12785 354
79930 38053 351
60851 88428 351
47723 75682 340
61201 90664 351
47154 37298 314
12688 41006 324
88768 98651 333
108872 28913 354
41394 78227 351
66119 5859 340
58861 58750 273
56661 34515 340
66871 97899 351
53161 12272 340
16846 800 276
90929 96775 333
38852 38399 231
24313 86575 351
66572 85513 351
16349 344 276
75302 94909 351
41350 50689 314
80178 102713 341
32093 8191 308
20051 50703 324
79922 78911 307
109452 89074 354
44 15433 276
73592 53205 335
93578 90437 333
6496 23617 282
26322 45347 324
14507 50634 324
84413 81078 320
22766 100762 351
81422 98067 333
34781 75263 340
101247 1578 351
64594 19958 340
75641 84644 351
70661 42181 340
2666 19223 279
17874 2709 279
100529 43957 351
8405 33217 308
86885 14900 351
56833 113206 354
12739 71340 340
50458 97151 351
104909 25715 351
37023 72949 340
76274 71804 325
100703 64139 351
25873 4408 282
36589 101513 351
41543 59741 340
96185 44208 351
31455 66550 340
46917 18602 324
62998 7813 340
4310 36501 324
88586 13635 351
102198 53816 351
37466 105148 351
103458 28993 351
17481 27100 308
54434 93754 351
51395 41755 314
110385 77267 354
46162 33592 324
17890 87705 351
93332 66566 351
18531 11405 279
19735 17939 274
95880 82732 333
91625 52681 351
71725 66829 325
66315 60541 335
73136 103780 351
4799 63212 340
19392 22280 274
42803 26317 324
68525 94197 351
68071 65528 312
10574 852 262
51611 94336 351
41048 31561 324
47521 59578 340
108839 67255 354
30009 43829 324
102478 8252 351
96509 60821 351
27572 1935 308
73854 100707 351
58206 78652 351
50537 77597 351
53423 93340 351
56405 74440 335
26647 11095 308
26586 37221 324
77819 78197 276
18175 5485 279
62249 18187 340
17554 10198 276
85441 47562 351
54026 27030 340
8305 103027 351
87850 35876 351
104961 814 351
89074 49785 351
31958 26230 308
79874 37872 351
72061 22897 340
112311 51199 354
99864 25516 351
40911 64301 340
56204 11578 340
69785 5071 340
29764 87339 351
81142 67697 351
87392 21786 351
94726 95697 328
77304 21686 351
18191 21375 274
22500 107265 354
71160 6949 340
85986 103525 341
44820 110538 354
78913 109623 354
48355 65396 340
87630 41758 351
16315 30452 308
53335 38592 340
101395 83098 341
12549 21647 279
37413 99940 351
43433 18757 324
82255 73228 351
40443 52938 340
94603 15434 351
112694 4873 354
88255 85298 333
108397 85566 354
34946 26420 311
81807 35792 351
91815 56055 351
77549 60622 351
38998 17502 324
99213 92885 328
100600 111761 354
1150 90504 351
50811 110455 354
109261 85558 354
70302 102195 351
25114 4015 282
70120 24426 340
8887 44993 324
62215 3902 340
17177 49652 324
30321 51476 324
85443 74628 351
60022 49611 340
21868 51512 324
67112 7699 340
